<?xml version="1.0" encoding="UTF-8"?>
<!-- Generated by org.testng.reporters.JUnitXMLReporter -->
<testsuite ignored="6" hostname="Emans-MacBook-Pro.local" failures="0" tests="1" name="Default test" time="10.718" errors="0" timestamp="2023-12-12T16:29:15 AST">
  <testcase classname="almosafer.MyTestCaseNew" name="ChangeLanguageOfWebSite" time="6.29"/>
  <testcase classname="almosafer.MyTestCaseNew" name="HotalTap" time="0.0">
    <ignored/>
  </testcase> <!-- HotalTap -->
  <testcase classname="almosafer.MyTestCaseNew" name="CheckLanguage" time="0.0">
    <ignored/>
  </testcase> <!-- CheckLanguage -->
  <testcase classname="almosafer.MyTestCaseNew" name="CheckCurren" time="0.0">
    <ignored/>
  </testcase> <!-- CheckCurren -->
  <testcase classname="almosafer.MyTestCaseNew" name="CheckCContactNumber" time="0.0">
    <ignored/>
  </testcase> <!-- CheckCContactNumber -->
  <testcase classname="almosafer.MyTestCaseNew" name="Qitaf" time="0.0">
    <ignored/>
  </testcase> <!-- Qitaf -->
  <testcase classname="almosafer.MyTestCaseNew" name="CheckTheDepartureAndArrivalDate" time="0.0">
    <ignored/>
  </testcase> <!-- CheckTheDepartureAndArrivalDate -->
</testsuite> <!-- Default test -->
