<?xml version="1.0" encoding="UTF-8"?>
<testng-results ignored="6" total="7" passed="1" failed="0" skipped="0">
  <reporter-output>
  </reporter-output>
  <suite started-at="2023-12-12T16:29:04 AST" name="Default suite" finished-at="2023-12-12T16:29:15 AST" duration-ms="10718">
    <groups>
    </groups>
    <test started-at="2023-12-12T16:29:04 AST" name="Default test" finished-at="2023-12-12T16:29:15 AST" duration-ms="10718">
      <class name="almosafer.MyTestCaseNew">
        <test-method is-config="true" signature="MyBeforeTest()[pri:0, instance:almosafer.MyTestCaseNew@422c3c7a]" started-at="2023-12-12T16:29:04 AST" name="MyBeforeTest" finished-at="2023-12-12T16:29:08 AST" duration-ms="4375" status="PASS">
          <reporter-output>
          </reporter-output>
        </test-method> <!-- MyBeforeTest -->
        <test-method signature="ChangeLanguageOfWebSite()[pri:0, instance:almosafer.MyTestCaseNew@422c3c7a]" started-at="2023-12-12T16:29:08 AST" name="ChangeLanguageOfWebSite" finished-at="2023-12-12T16:29:15 AST" duration-ms="6290" status="PASS">
          <reporter-output>
          </reporter-output>
        </test-method> <!-- ChangeLanguageOfWebSite -->
        <test-method is-config="true" signature="MyAfter()[pri:0, instance:almosafer.MyTestCaseNew@422c3c7a]" started-at="2023-12-12T16:29:15 AST" name="MyAfter" finished-at="2023-12-12T16:29:15 AST" duration-ms="1" status="PASS">
          <reporter-output>
          </reporter-output>
        </test-method> <!-- MyAfter -->
      </class> <!-- almosafer.MyTestCaseNew -->
    </test> <!-- Default test -->
  </suite> <!-- Default suite -->
</testng-results>
